Unity Editor version:    2020.3.32f1 (12f8b0834f07)
Branch:                  2020.3/staging
Build type:              Release
Batch mode:              YES
macOS version:           Version 14.4.1 (Build 23E224)
Darwin version:          23.4.0
Architecture:            x86_64
Running under Rosetta:   YES
Available memory:        8192 MB
Using pre-set license
Pro License: NO

COMMAND LINE ARGUMENTS:
/Applications/Unity/Hub/Editor/2020.3.32f1/Unity.app/Contents/MacOS/Unity
-adb2
-batchMode
-noUpm
-name
AssetImportWorker0
-projectPath
/Users/learatajczak/Desktop/DoorAndPickUp
-logFile
Logs/AssetImportWorker0.log
-srvPort
52590
Successfully changed project path to: /Users/learatajczak/Desktop/DoorAndPickUp
/Users/learatajczak/Desktop/DoorAndPickUp
Using Asset Import Pipeline V2.
Refreshing native plugins compatible for Editor in 64.59 ms, found 2 plugins.
Preloading 0 native plugins for Editor in 0.00 ms.
Initialize engine version: 2020.3.32f1 (12f8b0834f07)
[Subsystems] Discovering subsystems at path /Applications/Unity/Hub/Editor/2020.3.32f1/Unity.app/Contents/Resources/UnitySubsystems
[Subsystems] Discovering subsystems at path /Users/learatajczak/Desktop/DoorAndPickUp/Assets
GfxDevice: creating device client; threaded=0
2024-05-03 14:48:15.513 Unity[63482:6837071] (null) preferred device: Apple M1 (high power)
2024-05-03 14:48:15.513 Unity[63482:6837071] Metal devices available: 1
2024-05-03 14:48:15.513 Unity[63482:6837071] 0: Apple M1 (high power)
2024-05-03 14:48:15.513 Unity[63482:6837071] Using device Apple M1 (high power)
Initializing Metal device caps: Apple M1
Initialize mono
Mono path[0] = '/Applications/Unity/Hub/Editor/2020.3.32f1/Unity.app/Contents/Managed'
Mono path[1] = '/Applications/Unity/Hub/Editor/2020.3.32f1/Unity.app/Contents/MonoBleedingEdge/lib/mono/unityjit'
Mono config path = '/Applications/Unity/Hub/Editor/2020.3.32f1/Unity.app/Contents/MonoBleedingEdge/etc'
Using monoOptions --debugger-agent=transport=dt_socket,embedding=1,server=y,suspend=n,address=127.0.0.1:56482
Begin MonoManager ReloadAssembly
Registering precompiled unity dll's ...
Register platform support module: /Applications/Unity/Hub/Editor/2020.3.32f1/Unity.app/Contents/PlaybackEngines/MacStandaloneSupport/UnityEditor.OSXStandalone.Extensions.dll
Register platform support module: /Applications/Unity/Hub/Editor/2020.3.32f1/PlaybackEngines/WindowsStandaloneSupport/UnityEditor.WindowsStandalone.Extensions.dll
Registered in 0.001304 seconds.
Native extension for WindowsStandalone target not found
Native extension for OSXStandalone target not found
Refreshing native plugins compatible for Editor in 25.18 ms, found 2 plugins.
Preloading 0 native plugins for Editor in 0.00 ms.
Mono: successfully reloaded assembly
- Completed reload, in  1.194 seconds
Domain Reload Profiling:
	ReloadAssembly (1194ms)
		BeginReloadAssembly (107ms)
			ExecutionOrderSort (0ms)
			DisableScriptedObjects (0ms)
			BackupInstance (0ms)
			ReleaseScriptingObjects (0ms)
			CreateAndSetChildDomain (3ms)
		EndReloadAssembly (984ms)
			LoadAssemblies (105ms)
			RebuildTransferFunctionScriptingTraits (1ms)
			SetupTypeCache (159ms)
			ReleaseScriptCaches (0ms)
			RebuildScriptCaches (32ms)
			SetupLoadedEditorAssemblies (512ms)
				LogAssemblyErrors (0ms)
				InitializePlatformSupportModulesInManaged (14ms)
				SetLoadedEditorAssemblies (0ms)
				RefreshPlugins (25ms)
				BeforeProcessingInitializeOnLoad (31ms)
				ProcessInitializeOnLoadAttributes (328ms)
				ProcessInitializeOnLoadMethodAttributes (113ms)
				AfterProcessingInitializeOnLoad (0ms)
				EditorAssembliesLoaded (1ms)
			ExecutionOrderSort2 (0ms)
			AwakeInstancesAfterBackupRestoration (0ms)
Platform modules already initialized, skipping
Registering precompiled user dll's ...
Registered in 0.002185 seconds.
Begin MonoManager ReloadAssembly
Native extension for WindowsStandalone target not found
Native extension for OSXStandalone target not found
Refreshing native plugins compatible for Editor in 0.26 ms, found 2 plugins.
Preloading 0 native plugins for Editor in 0.00 ms.
Mono: successfully reloaded assembly
- Completed reload, in  1.979 seconds
Domain Reload Profiling:
	ReloadAssembly (1981ms)
		BeginReloadAssembly (224ms)
			ExecutionOrderSort (0ms)
			DisableScriptedObjects (28ms)
			BackupInstance (0ms)
			ReleaseScriptingObjects (0ms)
			CreateAndSetChildDomain (26ms)
		EndReloadAssembly (1670ms)
			LoadAssemblies (178ms)
			RebuildTransferFunctionScriptingTraits (0ms)
			SetupTypeCache (279ms)
			ReleaseScriptCaches (0ms)
			RebuildScriptCaches (39ms)
			SetupLoadedEditorAssemblies (949ms)
				LogAssemblyErrors (0ms)
				InitializePlatformSupportModulesInManaged (15ms)
				SetLoadedEditorAssemblies (1ms)
				RefreshPlugins (0ms)
				BeforeProcessingInitializeOnLoad (180ms)
				ProcessInitializeOnLoadAttributes (737ms)
				ProcessInitializeOnLoadMethodAttributes (15ms)
				AfterProcessingInitializeOnLoad (1ms)
				EditorAssembliesLoaded (0ms)
			ExecutionOrderSort2 (0ms)
			AwakeInstancesAfterBackupRestoration (29ms)
Platform modules already initialized, skipping
Validating Project structure ... 0.000922 seconds.
Shader import version has changed; will reimport all shaders...
Upgrading shader files ...0.001065 seconds.
Application.AssetDatabase Initial Script Refresh Start
RefreshInfo: InitialScriptRefreshV2(NoUpdateAssetOptions) scanfilter:  ... 1 filters
RefreshProfiler: Total: 0.000ms
Application.AssetDatabase Initial Script Refresh End
Application.AssetDatabase.Refresh Start
Application.AssetDatabase.Refresh End
RefreshInfo: StopAssetImportingV2(ForceSynchronousImport) scanfilter: 
RefreshProfiler: Total: 0.000ms
Launching external process: /Applications/Unity/Hub/Editor/2020.3.32f1/Unity.app/Contents/Tools/UnityShaderCompiler
Launched and connected shader compiler UnityShaderCompiler after 0.18 seconds
Initializing Unity extensions:
2024-05-03 14:48:20.501 Unity[63482:6837071] NSEventModifierFlagFunction specified to -setKeyEquivalentModifierMask: for item <NSMenuItem: 0x7fab51093270 Font Asset, ke='Command-F12'>, but is only supported for system-provided menu items; will not be used
2024-05-03 14:48:20.504 Unity[63482:6837071] NSEventModifierFlagFunction specified to -setKeyEquivalentModifierMask: for item <NSMenuItem: 0x7fab20d60540 Font Asset, ke='Command-F12'>, but is only supported for system-provided menu items; will not be used
========================================================================
Worker process is ready to serve import requests
Refreshing native plugins compatible for Editor in 0.17 ms, found 2 plugins.
Preloading 0 native plugins for Editor in 0.00 ms.
Unloading 1321 Unused Serialized files (Serialized files now loaded: 0)
System memory in use before: 62.5 MB.
System memory in use after: 61.8 MB.

Unloading 82 unused Assets to reduce memory usage. Loaded Objects now: 1796.
Total: 3.186542 ms (FindLiveObjects: 0.293625 ms CreateObjectMapping: 0.026500 ms MarkObjects: 2.411791 ms  DeleteObjects: 0.454042 ms)

AssetImportParameters requested are different than current active one (requested -> active):
  custom:video-decoder-ogg-theora: a1e56fd34408186e4bbccfd4996cb3dc -> 
  custom:container-muxer-webm: aa71ff27fc2769a1b78a27578f13a17b -> 
  custom:container-demuxer-webm: 4f35f7cbe854078d1ac9338744f61a02 -> 
  custom:container-demuxer-ogg: 62fdf1f143b41e24485cea50d1cbac27 -> 
  custom:video-encoder-webm-vp8: eb34c28f22e8b96e1ab97ce403110664 -> 
  custom:framework-osx-AVFoundation: e770b220cccbd017edd2c1fefb359320 -> 
  custom:video-decoder-webm-vp8: 9c59270c3fd7afecdb556c50c9e8de78 -> 
  custom:audio-decoder-ogg-vorbis: bf7c407c2cedff20999df2af8eb42d56 -> 
  custom:audio-encoder-webm-vorbis: bf7c407c2cedff20999df2af8eb42d56 -> 
========================================================================
Received Import Request.
  path: Assets/autodoor.cs
  artifactKey: Guid(ff4689e1a925dc64f82cfc65e1804f8f) Importer(815301076,1909f56bfc062723c751e8b465ee728b)
Start importing Assets/autodoor.cs using Guid(ff4689e1a925dc64f82cfc65e1804f8f) Importer(815301076,1909f56bfc062723c751e8b465ee728b)  -> (artifact id: 'afe5acf0d0493665ee9d873be6c97be3') in 0.615646 seconds 
========================================================================
Received Prepare
Registering precompiled user dll's ...
Registered in 0.004565 seconds.
Begin MonoManager ReloadAssembly
Native extension for WindowsStandalone target not found
Native extension for OSXStandalone target not found
Refreshing native plugins compatible for Editor in 0.27 ms, found 2 plugins.
Preloading 0 native plugins for Editor in 0.00 ms.
2024-05-03 14:49:08.510 Unity[63482:6837071] NSEventModifierFlagFunction specified to -setKeyEquivalentModifierMask: for item <NSMenuItem: 0x7fab41377640 Font Asset, ke='Command-F12'>, but is only supported for system-provided menu items; will not be used
Mono: successfully reloaded assembly
- Completed reload, in  2.044 seconds
Domain Reload Profiling:
	ReloadAssembly (2045ms)
		BeginReloadAssembly (229ms)
			ExecutionOrderSort (0ms)
			DisableScriptedObjects (31ms)
			BackupInstance (0ms)
			ReleaseScriptingObjects (0ms)
			CreateAndSetChildDomain (63ms)
		EndReloadAssembly (1734ms)
			LoadAssemblies (209ms)
			RebuildTransferFunctionScriptingTraits (0ms)
			SetupTypeCache (269ms)
			ReleaseScriptCaches (1ms)
			RebuildScriptCaches (36ms)
			SetupLoadedEditorAssemblies (996ms)
				LogAssemblyErrors (0ms)
				InitializePlatformSupportModulesInManaged (14ms)
				SetLoadedEditorAssemblies (1ms)
				RefreshPlugins (0ms)
				BeforeProcessingInitializeOnLoad (209ms)
				ProcessInitializeOnLoadAttributes (757ms)
				ProcessInitializeOnLoadMethodAttributes (14ms)
				AfterProcessingInitializeOnLoad (1ms)
				EditorAssembliesLoaded (0ms)
			ExecutionOrderSort2 (0ms)
			AwakeInstancesAfterBackupRestoration (34ms)
Platform modules already initialized, skipping
Refreshing native plugins compatible for Editor in 0.25 ms, found 2 plugins.
Preloading 0 native plugins for Editor in 0.00 ms.
Unloading 1315 Unused Serialized files (Serialized files now loaded: 0)
System memory in use before: 141.7 MB.
System memory in use after: 141.8 MB.

Unloading 13 unused Assets to reduce memory usage. Loaded Objects now: 1800.
Total: 1.938125 ms (FindLiveObjects: 0.063875 ms CreateObjectMapping: 0.025416 ms MarkObjects: 1.788375 ms  DeleteObjects: 0.059750 ms)

AssetImportParameters requested are different than current active one (requested -> active):
  custom:video-decoder-ogg-theora: a1e56fd34408186e4bbccfd4996cb3dc -> 
  custom:container-muxer-webm: aa71ff27fc2769a1b78a27578f13a17b -> 
  custom:container-demuxer-webm: 4f35f7cbe854078d1ac9338744f61a02 -> 
  custom:container-demuxer-ogg: 62fdf1f143b41e24485cea50d1cbac27 -> 
  custom:video-encoder-webm-vp8: eb34c28f22e8b96e1ab97ce403110664 -> 
  custom:framework-osx-AVFoundation: e770b220cccbd017edd2c1fefb359320 -> 
  custom:video-decoder-webm-vp8: 9c59270c3fd7afecdb556c50c9e8de78 -> 
  custom:audio-decoder-ogg-vorbis: bf7c407c2cedff20999df2af8eb42d56 -> 
  custom:audio-encoder-webm-vorbis: bf7c407c2cedff20999df2af8eb42d56 -> 
========================================================================
Received Import Request.
  Time since last request: 341.955613 seconds.
  path: Assets/Images/Door.controller
  artifactKey: Guid(816e51d7ef61245139d1c40630145655) Importer(815301076,1909f56bfc062723c751e8b465ee728b)
Start importing Assets/Images/Door.controller using Guid(816e51d7ef61245139d1c40630145655) Importer(815301076,1909f56bfc062723c751e8b465ee728b)  -> (artifact id: '598e12aba45fa63d012f619d64a8a867') in 1.050410 seconds 
========================================================================
Received Import Request.
  Time since last request: 40.153209 seconds.
  path: Assets/Images/close.anim
  artifactKey: Guid(39d54083cc7e14428ae7e3c64f4a8fd5) Importer(815301076,1909f56bfc062723c751e8b465ee728b)
Start importing Assets/Images/close.anim using Guid(39d54083cc7e14428ae7e3c64f4a8fd5) Importer(815301076,1909f56bfc062723c751e8b465ee728b)  -> (artifact id: '8fc5f3f567a457a16078749cd0c68df1') in 0.247397 seconds 
========================================================================
Received Prepare
Registering precompiled user dll's ...
Registered in 0.006958 seconds.
Begin MonoManager ReloadAssembly
Native extension for WindowsStandalone target not found
Native extension for OSXStandalone target not found
Refreshing native plugins compatible for Editor in 0.26 ms, found 2 plugins.
Preloading 0 native plugins for Editor in 0.00 ms.
2024-05-03 14:55:51.638 Unity[63482:6837071] NSEventModifierFlagFunction specified to -setKeyEquivalentModifierMask: for item <NSMenuItem: 0x7fab20afe4f0 Font Asset, ke='Command-F12'>, but is only supported for system-provided menu items; will not be used
Mono: successfully reloaded assembly
- Completed reload, in  2.082 seconds
Domain Reload Profiling:
	ReloadAssembly (2084ms)
		BeginReloadAssembly (244ms)
			ExecutionOrderSort (0ms)
			DisableScriptedObjects (38ms)
			BackupInstance (0ms)
			ReleaseScriptingObjects (0ms)
			CreateAndSetChildDomain (66ms)
		EndReloadAssembly (1758ms)
			LoadAssemblies (214ms)
			RebuildTransferFunctionScriptingTraits (1ms)
			SetupTypeCache (278ms)
			ReleaseScriptCaches (1ms)
			RebuildScriptCaches (37ms)
			SetupLoadedEditorAssemblies (1002ms)
				LogAssemblyErrors (0ms)
				InitializePlatformSupportModulesInManaged (18ms)
				SetLoadedEditorAssemblies (1ms)
				RefreshPlugins (0ms)
				BeforeProcessingInitializeOnLoad (222ms)
				ProcessInitializeOnLoadAttributes (746ms)
				ProcessInitializeOnLoadMethodAttributes (12ms)
				AfterProcessingInitializeOnLoad (1ms)
				EditorAssembliesLoaded (1ms)
			ExecutionOrderSort2 (0ms)
			AwakeInstancesAfterBackupRestoration (31ms)
Platform modules already initialized, skipping
Refreshing native plugins compatible for Editor in 0.21 ms, found 2 plugins.
Preloading 0 native plugins for Editor in 0.00 ms.
Unloading 1315 Unused Serialized files (Serialized files now loaded: 0)
System memory in use before: 269.5 MB.
System memory in use after: 269.6 MB.

Unloading 12 unused Assets to reduce memory usage. Loaded Objects now: 1803.
Total: 3.062000 ms (FindLiveObjects: 0.070083 ms CreateObjectMapping: 0.026292 ms MarkObjects: 2.908750 ms  DeleteObjects: 0.056083 ms)

AssetImportParameters requested are different than current active one (requested -> active):
  custom:video-decoder-ogg-theora: a1e56fd34408186e4bbccfd4996cb3dc -> 
  custom:container-muxer-webm: aa71ff27fc2769a1b78a27578f13a17b -> 
  custom:container-demuxer-webm: 4f35f7cbe854078d1ac9338744f61a02 -> 
  custom:container-demuxer-ogg: 62fdf1f143b41e24485cea50d1cbac27 -> 
  custom:video-encoder-webm-vp8: eb34c28f22e8b96e1ab97ce403110664 -> 
  custom:framework-osx-AVFoundation: e770b220cccbd017edd2c1fefb359320 -> 
  custom:video-decoder-webm-vp8: 9c59270c3fd7afecdb556c50c9e8de78 -> 
  custom:audio-decoder-ogg-vorbis: bf7c407c2cedff20999df2af8eb42d56 -> 
  custom:audio-encoder-webm-vorbis: bf7c407c2cedff20999df2af8eb42d56 -> 
========================================================================
Received Import Request.
  Time since last request: 87.326747 seconds.
  path: Assets/close_idle.anim
  artifactKey: Guid(7c7de077697ef9d48b2e9f43356206d3) Importer(815301076,1909f56bfc062723c751e8b465ee728b)
Start importing Assets/close_idle.anim using Guid(7c7de077697ef9d48b2e9f43356206d3) Importer(815301076,1909f56bfc062723c751e8b465ee728b)  -> (artifact id: 'aef1159079a86c82d08eb371835d5c9f') in 0.060671 seconds 
========================================================================
Received Import Request.
  Time since last request: 15.255620 seconds.
  path: Assets/Prefabs/Door.prefab
  artifactKey: Guid(a89d4b00bbd674e589987170d0dcb802) Importer(815301076,1909f56bfc062723c751e8b465ee728b)
Start importing Assets/Prefabs/Door.prefab using Guid(a89d4b00bbd674e589987170d0dcb802) Importer(815301076,1909f56bfc062723c751e8b465ee728b)  -> (artifact id: 'd3c77432f55f12e08a755118cefdc3b3') in 0.508734 seconds 
========================================================================
Received Import Request.
  Time since last request: 14.052742 seconds.
  path: Assets/Images
  artifactKey: Guid(35d5382c55050405487f745ebdec0e23) Importer(815301076,1909f56bfc062723c751e8b465ee728b)
Start importing Assets/Images using Guid(35d5382c55050405487f745ebdec0e23) Importer(815301076,1909f56bfc062723c751e8b465ee728b)  -> (artifact id: '496f3e16f278231bca28579566d870b0') in 0.003996 seconds 
========================================================================
Received Import Request.
  Time since last request: 43.155705 seconds.
  path: Assets/Images/open.anim
  artifactKey: Guid(b118a69b88c90410ab9e539835812f94) Importer(815301076,1909f56bfc062723c751e8b465ee728b)
Start importing Assets/Images/open.anim using Guid(b118a69b88c90410ab9e539835812f94) Importer(815301076,1909f56bfc062723c751e8b465ee728b)  -> (artifact id: '111e514a82935686e61c6d90b915b265') in 0.010653 seconds 
========================================================================
Received Prepare
Registering precompiled user dll's ...
Registered in 0.003440 seconds.
Begin MonoManager ReloadAssembly
Native extension for WindowsStandalone target not found
Native extension for OSXStandalone target not found
Refreshing native plugins compatible for Editor in 0.26 ms, found 2 plugins.
Preloading 0 native plugins for Editor in 0.00 ms.
2024-05-03 14:59:33.692 Unity[63482:6837071] NSEventModifierFlagFunction specified to -setKeyEquivalentModifierMask: for item <NSMenuItem: 0x7fab24092080 Font Asset, ke='Command-F12'>, but is only supported for system-provided menu items; will not be used
Mono: successfully reloaded assembly
- Completed reload, in  2.202 seconds
Domain Reload Profiling:
	ReloadAssembly (2204ms)
		BeginReloadAssembly (261ms)
			ExecutionOrderSort (0ms)
			DisableScriptedObjects (32ms)
			BackupInstance (0ms)
			ReleaseScriptingObjects (0ms)
			CreateAndSetChildDomain (83ms)
		EndReloadAssembly (1856ms)
			LoadAssemblies (232ms)
			RebuildTransferFunctionScriptingTraits (0ms)
			SetupTypeCache (285ms)
			ReleaseScriptCaches (1ms)
			RebuildScriptCaches (45ms)
			SetupLoadedEditorAssemblies (1028ms)
				LogAssemblyErrors (0ms)
				InitializePlatformSupportModulesInManaged (15ms)
				SetLoadedEditorAssemblies (2ms)
				RefreshPlugins (0ms)
				BeforeProcessingInitializeOnLoad (229ms)
				ProcessInitializeOnLoadAttributes (766ms)
				ProcessInitializeOnLoadMethodAttributes (15ms)
				AfterProcessingInitializeOnLoad (1ms)
				EditorAssembliesLoaded (1ms)
			ExecutionOrderSort2 (0ms)
			AwakeInstancesAfterBackupRestoration (31ms)
Platform modules already initialized, skipping
Refreshing native plugins compatible for Editor in 0.26 ms, found 2 plugins.
Preloading 0 native plugins for Editor in 0.00 ms.
Unloading 1315 Unused Serialized files (Serialized files now loaded: 0)
System memory in use before: 351.3 MB.
System memory in use after: 351.4 MB.

Unloading 12 unused Assets to reduce memory usage. Loaded Objects now: 1813.
Total: 1.969625 ms (FindLiveObjects: 0.090125 ms CreateObjectMapping: 0.026500 ms MarkObjects: 1.796500 ms  DeleteObjects: 0.055750 ms)

AssetImportParameters requested are different than current active one (requested -> active):
  custom:video-decoder-ogg-theora: a1e56fd34408186e4bbccfd4996cb3dc -> 
  custom:container-muxer-webm: aa71ff27fc2769a1b78a27578f13a17b -> 
  custom:container-demuxer-webm: 4f35f7cbe854078d1ac9338744f61a02 -> 
  custom:container-demuxer-ogg: 62fdf1f143b41e24485cea50d1cbac27 -> 
  custom:video-encoder-webm-vp8: eb34c28f22e8b96e1ab97ce403110664 -> 
  custom:framework-osx-AVFoundation: e770b220cccbd017edd2c1fefb359320 -> 
  custom:video-decoder-webm-vp8: 9c59270c3fd7afecdb556c50c9e8de78 -> 
  custom:audio-decoder-ogg-vorbis: bf7c407c2cedff20999df2af8eb42d56 -> 
  custom:audio-encoder-webm-vorbis: bf7c407c2cedff20999df2af8eb42d56 -> 
========================================================================
Received Import Request.
  Time since last request: 169.500298 seconds.
  path: Assets/Images/Door.controller
  artifactKey: Guid(816e51d7ef61245139d1c40630145655) Importer(815301076,1909f56bfc062723c751e8b465ee728b)
Start importing Assets/Images/Door.controller using Guid(816e51d7ef61245139d1c40630145655) Importer(815301076,1909f56bfc062723c751e8b465ee728b)  -> (artifact id: '751c713c37f9849f237014cd4936b1e3') in 0.085232 seconds 
========================================================================
Received Import Request.
  Time since last request: 347.104984 seconds.
  path: Assets/Models/Door.fbx
  artifactKey: Guid(3436870a9e95c4f919589b889812010c) Importer(815301076,1909f56bfc062723c751e8b465ee728b)
Start importing Assets/Models/Door.fbx using Guid(3436870a9e95c4f919589b889812010c) Importer(815301076,1909f56bfc062723c751e8b465ee728b)  -> (artifact id: '6ae9bf532b2456319489de8498d7b30f') in 0.698423 seconds 
========================================================================
Received Import Request.
  Time since last request: 41.083489 seconds.
  path: Assets/Models/StarY.fbx
  artifactKey: Guid(19d097bcfa8224dd485170eedbef8dba) Importer(815301076,1909f56bfc062723c751e8b465ee728b)
Start importing Assets/Models/StarY.fbx using Guid(19d097bcfa8224dd485170eedbef8dba) Importer(815301076,1909f56bfc062723c751e8b465ee728b)  -> (artifact id: '214f752160d9b64e6a9ef3bafac5389b') in 0.066835 seconds 
========================================================================
Received Import Request.
  Time since last request: 0.000265 seconds.
  path: Assets/Models/StarZ.fbx
  artifactKey: Guid(4a8a5439658e347c5bdd842fb271bf75) Importer(815301076,1909f56bfc062723c751e8b465ee728b)
Start importing Assets/Models/StarZ.fbx using Guid(4a8a5439658e347c5bdd842fb271bf75) Importer(815301076,1909f56bfc062723c751e8b465ee728b)  -> (artifact id: 'ff51360a202cf22df686b96ac0a28523') in 0.029657 seconds 
========================================================================
Received Import Request.
  Time since last request: 251.184813 seconds.
  path: Assets/DoorAnimation.anim
  artifactKey: Guid(8acb8713f50e04a4b80476721366930f) Importer(815301076,1909f56bfc062723c751e8b465ee728b)
Start importing Assets/DoorAnimation.anim using Guid(8acb8713f50e04a4b80476721366930f) Importer(815301076,1909f56bfc062723c751e8b465ee728b)  -> (artifact id: 'd152c2a4dc2b5256d2fe05d84ad9344e') in 0.022084 seconds 
========================================================================
Received Prepare
Registering precompiled user dll's ...
Registered in 0.002660 seconds.
Begin MonoManager ReloadAssembly
Native extension for WindowsStandalone target not found
Native extension for OSXStandalone target not found
Refreshing native plugins compatible for Editor in 0.28 ms, found 2 plugins.
Preloading 0 native plugins for Editor in 0.00 ms.
2024-05-03 15:11:13.186 Unity[63482:6837071] NSEventModifierFlagFunction specified to -setKeyEquivalentModifierMask: for item <NSMenuItem: 0x7fab2078d2e0 Font Asset, ke='Command-F12'>, but is only supported for system-provided menu items; will not be used
Mono: successfully reloaded assembly
- Completed reload, in  2.210 seconds
Domain Reload Profiling:
	ReloadAssembly (2212ms)
		BeginReloadAssembly (255ms)
			ExecutionOrderSort (0ms)
			DisableScriptedObjects (32ms)
			BackupInstance (0ms)
			ReleaseScriptingObjects (0ms)
			CreateAndSetChildDomain (69ms)
		EndReloadAssembly (1869ms)
			LoadAssemblies (233ms)
			RebuildTransferFunctionScriptingTraits (0ms)
			SetupTypeCache (288ms)
			ReleaseScriptCaches (1ms)
			RebuildScriptCaches (44ms)
			SetupLoadedEditorAssemblies (1068ms)
				LogAssemblyErrors (0ms)
				InitializePlatformSupportModulesInManaged (15ms)
				SetLoadedEditorAssemblies (2ms)
				RefreshPlugins (0ms)
				BeforeProcessingInitializeOnLoad (245ms)
				ProcessInitializeOnLoadAttributes (789ms)
				ProcessInitializeOnLoadMethodAttributes (16ms)
				AfterProcessingInitializeOnLoad (1ms)
				EditorAssembliesLoaded (0ms)
			ExecutionOrderSort2 (0ms)
			AwakeInstancesAfterBackupRestoration (32ms)
Platform modules already initialized, skipping
Refreshing native plugins compatible for Editor in 0.28 ms, found 2 plugins.
Preloading 0 native plugins for Editor in 0.00 ms.
Unloading 1315 Unused Serialized files (Serialized files now loaded: 0)
System memory in use before: 433.6 MB.
System memory in use after: 433.7 MB.

Unloading 12 unused Assets to reduce memory usage. Loaded Objects now: 1853.
Total: 2.184000 ms (FindLiveObjects: 0.094167 ms CreateObjectMapping: 0.036125 ms MarkObjects: 1.990708 ms  DeleteObjects: 0.062209 ms)

AssetImportParameters requested are different than current active one (requested -> active):
  custom:video-decoder-ogg-theora: a1e56fd34408186e4bbccfd4996cb3dc -> 
  custom:container-muxer-webm: aa71ff27fc2769a1b78a27578f13a17b -> 
  custom:container-demuxer-webm: 4f35f7cbe854078d1ac9338744f61a02 -> 
  custom:container-demuxer-ogg: 62fdf1f143b41e24485cea50d1cbac27 -> 
  custom:video-encoder-webm-vp8: eb34c28f22e8b96e1ab97ce403110664 -> 
  custom:framework-osx-AVFoundation: e770b220cccbd017edd2c1fefb359320 -> 
  custom:video-decoder-webm-vp8: 9c59270c3fd7afecdb556c50c9e8de78 -> 
  custom:audio-decoder-ogg-vorbis: bf7c407c2cedff20999df2af8eb42d56 -> 
  custom:audio-encoder-webm-vorbis: bf7c407c2cedff20999df2af8eb42d56 -> 
========================================================================
Received Import Request.
  Time since last request: 154.636520 seconds.
  path: Assets/open_idle.anim
  artifactKey: Guid(de0004d069f1f97448bec11ff2796f96) Importer(815301076,1909f56bfc062723c751e8b465ee728b)
Start importing Assets/open_idle.anim using Guid(de0004d069f1f97448bec11ff2796f96) Importer(815301076,1909f56bfc062723c751e8b465ee728b)  -> (artifact id: 'cb81044bf899453995301fd40d30c084') in 0.047756 seconds 
========================================================================
Received Prepare
Registering precompiled user dll's ...
Registered in 0.002569 seconds.
Begin MonoManager ReloadAssembly
Native extension for WindowsStandalone target not found
Native extension for OSXStandalone target not found
Refreshing native plugins compatible for Editor in 0.46 ms, found 2 plugins.
Preloading 0 native plugins for Editor in 0.00 ms.
2024-05-03 15:13:35.836 Unity[63482:6837071] NSEventModifierFlagFunction specified to -setKeyEquivalentModifierMask: for item <NSMenuItem: 0x7fab2400df80 Font Asset, ke='Command-F12'>, but is only supported for system-provided menu items; will not be used
Mono: successfully reloaded assembly
- Completed reload, in  2.184 seconds
Domain Reload Profiling:
	ReloadAssembly (2186ms)
		BeginReloadAssembly (239ms)
			ExecutionOrderSort (0ms)
			DisableScriptedObjects (35ms)
			BackupInstance (0ms)
			ReleaseScriptingObjects (0ms)
			CreateAndSetChildDomain (64ms)
		EndReloadAssembly (1862ms)
			LoadAssemblies (219ms)
			RebuildTransferFunctionScriptingTraits (0ms)
			SetupTypeCache (280ms)
			ReleaseScriptCaches (1ms)
			RebuildScriptCaches (37ms)
			SetupLoadedEditorAssemblies (1095ms)
				LogAssemblyErrors (0ms)
				InitializePlatformSupportModulesInManaged (15ms)
				SetLoadedEditorAssemblies (2ms)
				RefreshPlugins (0ms)
				BeforeProcessingInitializeOnLoad (219ms)
				ProcessInitializeOnLoadAttributes (815ms)
				ProcessInitializeOnLoadMethodAttributes (42ms)
				AfterProcessingInitializeOnLoad (1ms)
				EditorAssembliesLoaded (1ms)
			ExecutionOrderSort2 (0ms)
			AwakeInstancesAfterBackupRestoration (38ms)
Platform modules already initialized, skipping
Refreshing native plugins compatible for Editor in 0.26 ms, found 2 plugins.
Preloading 0 native plugins for Editor in 0.00 ms.
Unloading 1315 Unused Serialized files (Serialized files now loaded: 0)
System memory in use before: 436.2 MB.
System memory in use after: 436.2 MB.

Unloading 12 unused Assets to reduce memory usage. Loaded Objects now: 1856.
Total: 3.132167 ms (FindLiveObjects: 0.163250 ms CreateObjectMapping: 0.055834 ms MarkObjects: 2.834125 ms  DeleteObjects: 0.078208 ms)

AssetImportParameters requested are different than current active one (requested -> active):
  custom:video-decoder-ogg-theora: a1e56fd34408186e4bbccfd4996cb3dc -> 
  custom:container-muxer-webm: aa71ff27fc2769a1b78a27578f13a17b -> 
  custom:container-demuxer-webm: 4f35f7cbe854078d1ac9338744f61a02 -> 
  custom:container-demuxer-ogg: 62fdf1f143b41e24485cea50d1cbac27 -> 
  custom:video-encoder-webm-vp8: eb34c28f22e8b96e1ab97ce403110664 -> 
  custom:framework-osx-AVFoundation: e770b220cccbd017edd2c1fefb359320 -> 
  custom:video-decoder-webm-vp8: 9c59270c3fd7afecdb556c50c9e8de78 -> 
  custom:audio-decoder-ogg-vorbis: bf7c407c2cedff20999df2af8eb42d56 -> 
  custom:audio-encoder-webm-vorbis: bf7c407c2cedff20999df2af8eb42d56 -> 
