Using pre-set license
Built from '2022.3/staging' branch; Version is '2022.3.17f1 (4fc78088f837) revision 5228416'; Using compiler version '192829333'; Build Type 'Release'
OS: 'Windows 11  (10.0.22631) 64bit Core' Language: 'da' Physical Memory: 16264 MB
BatchMode: 1, IsHumanControllingUs: 0, StartBugReporterOnCrash: 0, Is64bit: 1, IsPro: 1

COMMAND LINE ARGUMENTS:
C:\Program Files\Unity\Hub\Editor\2022.3.17f1\Editor\Unity.exe
-adb2
-batchMode
-noUpm
-name
AssetImportWorker0
-projectPath
C:/Users/sofie/OneDrive/Skrivebord/Eksamens-opgave-2024
-logFile
Logs/AssetImportWorker0.log
-srvPort
56639
Successfully changed project path to: C:/Users/sofie/OneDrive/Skrivebord/Eksamens-opgave-2024
C:/Users/sofie/OneDrive/Skrivebord/Eksamens-opgave-2024
[UnityMemory] Configuration Parameters - Can be set up in boot.config
    "memorysetup-bucket-allocator-granularity=16"
    "memorysetup-bucket-allocator-bucket-count=8"
    "memorysetup-bucket-allocator-block-size=33554432"
    "memorysetup-bucket-allocator-block-count=8"
    "memorysetup-main-allocator-block-size=16777216"
    "memorysetup-thread-allocator-block-size=16777216"
    "memorysetup-gfx-main-allocator-block-size=16777216"
    "memorysetup-gfx-thread-allocator-block-size=16777216"
    "memorysetup-cache-allocator-block-size=4194304"
    "memorysetup-typetree-allocator-block-size=2097152"
    "memorysetup-profiler-bucket-allocator-granularity=16"
    "memorysetup-profiler-bucket-allocator-bucket-count=8"
    "memorysetup-profiler-bucket-allocator-block-size=33554432"
    "memorysetup-profiler-bucket-allocator-block-count=8"
    "memorysetup-profiler-allocator-block-size=16777216"
    "memorysetup-profiler-editor-allocator-block-size=1048576"
    "memorysetup-temp-allocator-size-main=16777216"
    "memorysetup-job-temp-allocator-block-size=2097152"
    "memorysetup-job-temp-allocator-block-size-background=1048576"
    "memorysetup-job-temp-allocator-reduction-small-platforms=262144"
    "memorysetup-allocator-temp-initial-block-size-main=262144"
    "memorysetup-allocator-temp-initial-block-size-worker=262144"
    "memorysetup-temp-allocator-size-background-worker=32768"
    "memorysetup-temp-allocator-size-job-worker=262144"
    "memorysetup-temp-allocator-size-preload-manager=33554432"
    "memorysetup-temp-allocator-size-nav-mesh-worker=65536"
    "memorysetup-temp-allocator-size-audio-worker=65536"
    "memorysetup-temp-allocator-size-cloud-worker=32768"
    "memorysetup-temp-allocator-size-gi-baking-worker=262144"
    "memorysetup-temp-allocator-size-gfx=262144"
Player connection [12336] Host "[IP] 10.112.130.197 [Port] 0 [Flags] 2 [Guid] 4099728728 [EditorId] 4099728728 [Version] 1048832 [Id] WindowsEditor(7,Sofie) [Debug] 1 [PackageName] WindowsEditor [ProjectName] Editor" joined multi-casting on [225.0.0.222:54997]...

Player connection [12336] Host "[IP] 10.112.130.197 [Port] 0 [Flags] 2 [Guid] 4099728728 [EditorId] 4099728728 [Version] 1048832 [Id] WindowsEditor(7,Sofie) [Debug] 1 [PackageName] WindowsEditor [ProjectName] Editor" joined alternative multi-casting on [225.0.0.222:34997]...

[Physics::Module] Initialized MultithreadedJobDispatcher with 3 workers.
Refreshing native plugins compatible for Editor in 33.14 ms, found 2 plugins.
Preloading 0 native plugins for Editor in 0.00 ms.
Initialize engine version: 2022.3.17f1 (4fc78088f837)
[Subsystems] Discovering subsystems at path C:/Program Files/Unity/Hub/Editor/2022.3.17f1/Editor/Data/Resources/UnitySubsystems
[Subsystems] Discovering subsystems at path C:/Users/sofie/OneDrive/Skrivebord/Eksamens-opgave-2024/Assets
GfxDevice: creating device client; threaded=0; jobified=0
Direct3D:
    Version:  Direct3D 11.0 [level 11.1]
    Renderer: Intel(R) UHD Graphics 620 (ID=0x5917)
    Vendor:   Intel
    VRAM:     8132 MB
    Driver:   26.20.100.7925
Initialize mono
Mono path[0] = 'C:/Program Files/Unity/Hub/Editor/2022.3.17f1/Editor/Data/Managed'
Mono path[1] = 'C:/Program Files/Unity/Hub/Editor/2022.3.17f1/Editor/Data/MonoBleedingEdge/lib/mono/unityjit-win32'
Mono config path = 'C:/Program Files/Unity/Hub/Editor/2022.3.17f1/Editor/Data/MonoBleedingEdge/etc'
Using monoOptions --debugger-agent=transport=dt_socket,embedding=1,server=y,suspend=n,address=127.0.0.1:56588
Begin MonoManager ReloadAssembly
Registering precompiled unity dll's ...
Register platform support module: C:/Program Files/Unity/Hub/Editor/2022.3.17f1/Editor/Data/PlaybackEngines/WindowsStandaloneSupport/UnityEditor.WindowsStandalone.Extensions.dll
Registered in 0.043801 seconds.
- Loaded All Assemblies, in  2.714 seconds
Native extension for WindowsStandalone target not found
Mono: successfully reloaded assembly
- Finished resetting the current domain, in  2.757 seconds
Domain Reload Profiling: 5466ms
	BeginReloadAssembly (1043ms)
		ExecutionOrderSort (0ms)
		DisableScriptedObjects (0ms)
		BackupInstance (0ms)
		ReleaseScriptingObjects (0ms)
		CreateAndSetChildDomain (3ms)
	RebuildCommonClasses (268ms)
	RebuildNativeTypeToScriptingClass (77ms)
	initialDomainReloadingComplete (409ms)
	LoadAllAssembliesAndSetupDomain (901ms)
		LoadAssemblies (1035ms)
		RebuildTransferFunctionScriptingTraits (0ms)
		AnalyzeDomain (888ms)
			TypeCache.Refresh (882ms)
				TypeCache.ScanAssembly (815ms)
			ScanForSourceGeneratedMonoScriptInfo (1ms)
			ResolveRequiredComponents (3ms)
	FinalizeReload (2768ms)
		ReleaseScriptCaches (0ms)
		RebuildScriptCaches (0ms)
		SetupLoadedEditorAssemblies (2182ms)
			LogAssemblyErrors (0ms)
			InitializePlatformSupportModulesInManaged (68ms)
			SetLoadedEditorAssemblies (58ms)
			RefreshPlugins (0ms)
			BeforeProcessingInitializeOnLoad (21ms)
			ProcessInitializeOnLoadAttributes (1494ms)
			ProcessInitializeOnLoadMethodAttributes (540ms)
			AfterProcessingInitializeOnLoad (1ms)
			EditorAssembliesLoaded (0ms)
		ExecutionOrderSort2 (0ms)
		AwakeInstancesAfterBackupRestoration (0ms)
========================================================================
Worker process is ready to serve import requests
Begin MonoManager ReloadAssembly
- Loaded All Assemblies, in  7.394 seconds
Refreshing native plugins compatible for Editor in 48.19 ms, found 2 plugins.
Native extension for WindowsStandalone target not found
Package Manager log level set to [2]
[Package Manager] Server::EnsureServerProcessIsRunning -- launch failed, reason: Unity was launched with the -noUpm command-line argument
[Package Manager] UpmClient::Send -- Unable to send message (not connected to UPM process).
[Package Manager] Cannot connect to Unity Package Manager local server
Mono: successfully reloaded assembly
- Finished resetting the current domain, in  2.506 seconds
Domain Reload Profiling: 9896ms
	BeginReloadAssembly (5929ms)
		ExecutionOrderSort (0ms)
		DisableScriptedObjects (82ms)
		BackupInstance (0ms)
		ReleaseScriptingObjects (1ms)
		CreateAndSetChildDomain (1509ms)
	RebuildCommonClasses (109ms)
	RebuildNativeTypeToScriptingClass (46ms)
	initialDomainReloadingComplete (92ms)
	LoadAllAssembliesAndSetupDomain (1214ms)
		LoadAssemblies (4391ms)
		RebuildTransferFunctionScriptingTraits (0ms)
		AnalyzeDomain (729ms)
			TypeCache.Refresh (611ms)
				TypeCache.ScanAssembly (441ms)
			ScanForSourceGeneratedMonoScriptInfo (86ms)
			ResolveRequiredComponents (26ms)
	FinalizeReload (2507ms)
		ReleaseScriptCaches (0ms)
		RebuildScriptCaches (0ms)
		SetupLoadedEditorAssemblies (1754ms)
			LogAssemblyErrors (0ms)
			InitializePlatformSupportModulesInManaged (24ms)
			SetLoadedEditorAssemblies (12ms)
			RefreshPlugins (0ms)
			BeforeProcessingInitializeOnLoad (200ms)
			ProcessInitializeOnLoadAttributes (1376ms)
			ProcessInitializeOnLoadMethodAttributes (118ms)
			AfterProcessingInitializeOnLoad (23ms)
			EditorAssembliesLoaded (1ms)
		ExecutionOrderSort2 (0ms)
		AwakeInstancesAfterBackupRestoration (46ms)
Launched and connected shader compiler UnityShaderCompiler.exe after 0.33 seconds
Refreshing native plugins compatible for Editor in 9.99 ms, found 2 plugins.
Preloading 0 native plugins for Editor in 0.00 ms.
Unloading 1407 Unused Serialized files (Serialized files now loaded: 0)
Unloading 22 unused Assets / (54.6 KB). Loaded Objects now: 1875.
Memory consumption went from 83.7 MB to 83.6 MB.
Total: 14.181800 ms (FindLiveObjects: 0.260800 ms CreateObjectMapping: 0.246400 ms MarkObjects: 13.403600 ms  DeleteObjects: 0.268500 ms)

AssetImportParameters requested are different than current active one (requested -> active):
  custom:video-encoder-webm-vp8: eb34c28f22e8b96e1ab97ce403110664 -> 
  custom:video-decoder-webm-vp8: 9c59270c3fd7afecdb556c50c9e8de78 -> 
  custom:audio-decoder-ogg-vorbis: bf7c407c2cedff20999df2af8eb42d56 -> 
  custom:SearchIndexIgnoredProperties: e643bd26f0fe6173181afceb89e7c659 -> 
  custom:container-demuxer-ogg: 62fdf1f143b41e24485cea50d1cbac27 -> 
  custom:AudioImporter_EditorPlatform: d09bf68614088b80899f8185d706f6e7 -> 
  custom:CustomObjectIndexerAttribute: 6d391050e5a25f67b0a2c618074f2cd9 -> 
  custom:container-demuxer-webm: 4f35f7cbe854078d1ac9338744f61a02 -> 
  custom:video-decoder-ogg-theora: a1e56fd34408186e4bbccfd4996cb3dc -> 
  custom:audio-encoder-webm-vorbis: bf7c407c2cedff20999df2af8eb42d56 -> 
  custom:framework-win-MediaFoundation: 216162199b28c13a410421893ffa2e32 -> 
  custom:container-muxer-webm: aa71ff27fc2769a1b78a27578f13a17b -> 
========================================================================
Received Import Request.
  Time since last request: 344620.928065 seconds.
  path: Assets/Images/Mirror001.renderTexture
  artifactKey: Guid(422606b336bbc4735ba5b9a6f4a6568c) Importer(815301076,1909f56bfc062723c751e8b465ee728b)
Start importing Assets/Images/Mirror001.renderTexture using Guid(422606b336bbc4735ba5b9a6f4a6568c) Importer(815301076,1909f56bfc062723c751e8b465ee728b)  -> (artifact id: '7efc75e2df66c1a0588d88f5c1aadb6b') in 0.487853 seconds
Number of updated asset objects reloaded before import = 0
Number of asset objects unloaded after import = 2
========================================================================
Received Import Request.
  Time since last request: 0.000081 seconds.
  path: Assets/Images/Stol-Image.jpeg
  artifactKey: Guid(7914e54b3b56047b2a61135fd2f77be7) Importer(815301076,1909f56bfc062723c751e8b465ee728b)
Start importing Assets/Images/Stol-Image.jpeg using Guid(7914e54b3b56047b2a61135fd2f77be7) Importer(815301076,1909f56bfc062723c751e8b465ee728b)  -> (artifact id: 'c66c1e8e629a01fe6278835645c7328d') in 0.162859 seconds
Number of updated asset objects reloaded before import = 0
Number of asset objects unloaded after import = 2
========================================================================
Received Import Request.
  Time since last request: 0.000028 seconds.
  path: Assets/Images/dot.png
  artifactKey: Guid(fe7e622ae73a94e0f946379e4c64e19b) Importer(815301076,1909f56bfc062723c751e8b465ee728b)
Start importing Assets/Images/dot.png using Guid(fe7e622ae73a94e0f946379e4c64e19b) Importer(815301076,1909f56bfc062723c751e8b465ee728b)  -> (artifact id: 'eeb349d3029e7f7c0da443f562ffdcdb') in 0.390089 seconds
Number of updated asset objects reloaded before import = 0
Number of asset objects unloaded after import = 3
========================================================================
Received Import Request.
  Time since last request: 0.001182 seconds.
  path: Assets/Images/door.jpeg
  artifactKey: Guid(20ca27e78b4f948d9932031e9204bbfd) Importer(815301076,1909f56bfc062723c751e8b465ee728b)
Start importing Assets/Images/door.jpeg using Guid(20ca27e78b4f948d9932031e9204bbfd) Importer(815301076,1909f56bfc062723c751e8b465ee728b)  -> (artifact id: '7f4c713b9f1bbcd7472b57d765c062da') in 0.201723 seconds
Number of updated asset objects reloaded before import = 0
Number of asset objects unloaded after import = 3
========================================================================
Received Import Request.
  Time since last request: 0.000053 seconds.
  path: Assets/LODTest.fbx
  artifactKey: Guid(fb7d14694132c7047bbd7fa962c02edb) Importer(815301076,1909f56bfc062723c751e8b465ee728b)
Start importing Assets/LODTest.fbx using Guid(fb7d14694132c7047bbd7fa962c02edb) Importer(815301076,1909f56bfc062723c751e8b465ee728b)  -> (artifact id: 'f51009996339f409b4ffc68e4e16d4c5') in 2.521440 seconds
Number of updated asset objects reloaded before import = 0
Number of asset objects unloaded after import = 17
========================================================================
Received Import Request.
  Time since last request: 0.000212 seconds.
  path: Assets/Images/Bord-Image.jpeg
  artifactKey: Guid(3644b58052e4c48bd951701522480b15) Importer(815301076,1909f56bfc062723c751e8b465ee728b)
Start importing Assets/Images/Bord-Image.jpeg using Guid(3644b58052e4c48bd951701522480b15) Importer(815301076,1909f56bfc062723c751e8b465ee728b)  -> (artifact id: 'a3b06eddd7a263215d5c1590ad8231d2') in 0.172635 seconds
Number of updated asset objects reloaded before import = 0
Number of asset objects unloaded after import = 2
========================================================================
Received Import Request.
  Time since last request: 0.000072 seconds.
  path: Assets/Images/Bog-Image.jpg
  artifactKey: Guid(4170491f07b274c8db22c23a3c9c4fb6) Importer(815301076,1909f56bfc062723c751e8b465ee728b)
Start importing Assets/Images/Bog-Image.jpg using Guid(4170491f07b274c8db22c23a3c9c4fb6) Importer(815301076,1909f56bfc062723c751e8b465ee728b)  -> (artifact id: 'a3cc2ad09400b5d3ed4a2eb8d6e8b02c') in 0.199702 seconds
Number of updated asset objects reloaded before import = 0
Number of asset objects unloaded after import = 2
========================================================================
Received Import Request.
  Time since last request: 0.000060 seconds.
  path: Assets/Images/Skærmbillede 2024-04-23 kl. 10.11.18.png
  artifactKey: Guid(57507855e513c4701aa25a288c21c240) Importer(815301076,1909f56bfc062723c751e8b465ee728b)
Start importing Assets/Images/Skærmbillede 2024-04-23 kl. 10.11.18.png using Guid(57507855e513c4701aa25a288c21c240) Importer(815301076,1909f56bfc062723c751e8b465ee728b)  -> (artifact id: '2f62a3c8ca560f5c4eadba785f8b35eb') in 0.158874 seconds
Number of updated asset objects reloaded before import = 0
Number of asset objects unloaded after import = 2
========================================================================
Received Import Request.
  Time since last request: 0.000636 seconds.
  path: Assets/Tree.prefab
  artifactKey: Guid(7bb477268b6a0432ca75556ebc1b0bd9) Importer(815301076,1909f56bfc062723c751e8b465ee728b)
Start importing Assets/Tree.prefab using Guid(7bb477268b6a0432ca75556ebc1b0bd9) Importer(815301076,1909f56bfc062723c751e8b465ee728b)  -> (artifact id: '16218c599d34a873bc68d45dda77ce9a') in 4.498570 seconds
Number of updated asset objects reloaded before import = 0
Number of asset objects unloaded after import = 15
========================================================================
Received Import Request.
  Time since last request: 0.002266 seconds.
  path: Assets/Tree 1.prefab
  artifactKey: Guid(3cda5a2155956416cbed3610c90c537d) Importer(815301076,1909f56bfc062723c751e8b465ee728b)
Start importing Assets/Tree 1.prefab using Guid(3cda5a2155956416cbed3610c90c537d) Importer(815301076,1909f56bfc062723c751e8b465ee728b)  -> (artifact id: '638b08d45696fd0e148d92582684e32a') in 0.245832 seconds
Number of updated asset objects reloaded before import = 0
Number of asset objects unloaded after import = 15
========================================================================
Received Import Request.
  Time since last request: 0.000326 seconds.
  path: Assets/RedMaterial.mat
  artifactKey: Guid(625a146a5dde27a4bb3bccc733e38415) Importer(815301076,1909f56bfc062723c751e8b465ee728b)
Start importing Assets/RedMaterial.mat using Guid(625a146a5dde27a4bb3bccc733e38415) Importer(815301076,1909f56bfc062723c751e8b465ee728b)  -> (artifact id: '9685c10935862e27428411ffde6aff69') in 0.132487 seconds
Number of updated asset objects reloaded before import = 0
Number of asset objects unloaded after import = 1
========================================================================
Received Prepare
Begin MonoManager ReloadAssembly
- Loaded All Assemblies, in  0.733 seconds
Refreshing native plugins compatible for Editor in 3.27 ms, found 2 plugins.
Native extension for WindowsStandalone target not found
[Package Manager] Server::EnsureServerProcessIsRunning -- launch failed, reason: Unity was launched with the -noUpm command-line argument
[Package Manager] UpmClient::Send -- Unable to send message (not connected to UPM process).
[Package Manager] Cannot connect to Unity Package Manager local server
Mono: successfully reloaded assembly
- Finished resetting the current domain, in  5.452 seconds
Domain Reload Profiling: 6184ms
	BeginReloadAssembly (293ms)
		ExecutionOrderSort (0ms)
		DisableScriptedObjects (9ms)
		BackupInstance (0ms)
		ReleaseScriptingObjects (0ms)
		CreateAndSetChildDomain (48ms)
	RebuildCommonClasses (72ms)
	RebuildNativeTypeToScriptingClass (23ms)
	initialDomainReloadingComplete (43ms)
	LoadAllAssembliesAndSetupDomain (298ms)
		LoadAssemblies (471ms)
		RebuildTransferFunctionScriptingTraits (0ms)
		AnalyzeDomain (15ms)
			TypeCache.Refresh (8ms)
				TypeCache.ScanAssembly (0ms)
			ScanForSourceGeneratedMonoScriptInfo (0ms)
			ResolveRequiredComponents (5ms)
	FinalizeReload (5454ms)
		ReleaseScriptCaches (0ms)
		RebuildScriptCaches (0ms)
		SetupLoadedEditorAssemblies (4395ms)
			LogAssemblyErrors (0ms)
			InitializePlatformSupportModulesInManaged (68ms)
			SetLoadedEditorAssemblies (32ms)
			RefreshPlugins (0ms)
			BeforeProcessingInitializeOnLoad (580ms)
			ProcessInitializeOnLoadAttributes (3436ms)
			ProcessInitializeOnLoadMethodAttributes (212ms)
			AfterProcessingInitializeOnLoad (66ms)
			EditorAssembliesLoaded (1ms)
		ExecutionOrderSort2 (0ms)
		AwakeInstancesAfterBackupRestoration (42ms)
Refreshing native plugins compatible for Editor in 24.93 ms, found 2 plugins.
Preloading 0 native plugins for Editor in 0.00 ms.
Unloading 1400 Unused Serialized files (Serialized files now loaded: 0)
Unloading 16 unused Assets / (28.0 KB). Loaded Objects now: 1931.
Memory consumption went from 89.5 MB to 89.5 MB.
Total: 37.861600 ms (FindLiveObjects: 0.787700 ms CreateObjectMapping: 0.787300 ms MarkObjects: 36.050100 ms  DeleteObjects: 0.231700 ms)

Prepare: number of updated asset objects reloaded= 0
AssetImportParameters requested are different than current active one (requested -> active):
  custom:video-encoder-webm-vp8: eb34c28f22e8b96e1ab97ce403110664 -> 
  custom:video-decoder-webm-vp8: 9c59270c3fd7afecdb556c50c9e8de78 -> 
  custom:audio-decoder-ogg-vorbis: bf7c407c2cedff20999df2af8eb42d56 -> 
  custom:SearchIndexIgnoredProperties: e643bd26f0fe6173181afceb89e7c659 -> 
  custom:container-demuxer-ogg: 62fdf1f143b41e24485cea50d1cbac27 -> 
  custom:AudioImporter_EditorPlatform: d09bf68614088b80899f8185d706f6e7 -> 
  custom:CustomObjectIndexerAttribute: 6d391050e5a25f67b0a2c618074f2cd9 -> 
  custom:container-demuxer-webm: 4f35f7cbe854078d1ac9338744f61a02 -> 
  custom:video-decoder-ogg-theora: a1e56fd34408186e4bbccfd4996cb3dc -> 
  custom:audio-encoder-webm-vorbis: bf7c407c2cedff20999df2af8eb42d56 -> 
  custom:framework-win-MediaFoundation: 216162199b28c13a410421893ffa2e32 -> 
  custom:container-muxer-webm: aa71ff27fc2769a1b78a27578f13a17b -> 
========================================================================
Received Import Request.
  Time since last request: 2817.097338 seconds.
  path: Assets/Images/Mirror001.renderTexture
  artifactKey: Guid(422606b336bbc4735ba5b9a6f4a6568c) Importer(815301076,1909f56bfc062723c751e8b465ee728b)
Start importing Assets/Images/Mirror001.renderTexture using Guid(422606b336bbc4735ba5b9a6f4a6568c) Importer(815301076,1909f56bfc062723c751e8b465ee728b)  -> (artifact id: '15c0a7ad053dcc2dcd5bb808cae04649') in 0.192471 seconds
Number of updated asset objects reloaded before import = 0
Number of asset objects unloaded after import = 2
